0 info it worked if it ends with ok
1 verbose cli [ '/Users/ngoke/.nvm/v0.12.6/bin/node',
1 verbose cli   '/Users/ngoke/.nvm/v0.12.6/bin/npm',
1 verbose cli   'publish' ]
2 info using npm@2.11.2
3 info using node@v0.12.6
4 verbose publish [ '.' ]
5 verbose stack Error: No name provided
5 verbose stack     at /Users/ngoke/.nvm/v0.12.6/lib/node_modules/npm/lib/publish.js:51:33
5 verbose stack     at /Users/ngoke/.nvm/v0.12.6/lib/node_modules/npm/node_modules/read-package-json/read-json.js:345:5
5 verbose stack     at checkBinReferences_ (/Users/ngoke/.nvm/v0.12.6/lib/node_modules/npm/node_modules/read-package-json/read-json.js:309:45)
5 verbose stack     at final (/Users/ngoke/.nvm/v0.12.6/lib/node_modules/npm/node_modules/read-package-json/read-json.js:343:3)
5 verbose stack     at then (/Users/ngoke/.nvm/v0.12.6/lib/node_modules/npm/node_modules/read-package-json/read-json.js:113:5)
5 verbose stack     at /Users/ngoke/.nvm/v0.12.6/lib/node_modules/npm/node_modules/read-package-json/read-json.js:300:12
5 verbose stack     at evalmachine.<anonymous>:334:14
5 verbose stack     at /Users/ngoke/.nvm/v0.12.6/lib/node_modules/npm/node_modules/graceful-fs/graceful-fs.js:102:5
5 verbose stack     at FSReqWrap.oncomplete (evalmachine.<anonymous>:95:15)
6 verbose cwd /Users/ngoke/Code/purple-rain
7 error Darwin 14.4.0
8 error argv "/Users/ngoke/.nvm/v0.12.6/bin/node" "/Users/ngoke/.nvm/v0.12.6/bin/npm" "publish"
9 error node v0.12.6
10 error npm  v2.11.2
11 error No name provided
12 error If you need help, you may report this error at:
12 error     <https://github.com/npm/npm/issues>
13 verbose exit [ 1, true ]
